2022-09-04 00:01:06.281 WARN [HikariPool-1 housekeeper] [com.zaxxer.hikari.pool.HikariPool$HouseKeeper.run(HikariPool.java:788)] - HikariPool-1 - Thread starvation or clock leap detected (housekeeper delta=3m5s33ms).
2022-09-04 00:06:15.170 WARN [HikariPool-1 housekeeper] [com.zaxxer.hikari.pool.HikariPool$HouseKeeper.run(HikariPool.java:788)] - HikariPool-1 - Thread starvation or clock leap detected (housekeeper delta=3m8s684ms).
2022-09-04 00:20:31.555 WARN [HikariPool-1 housekeeper] [com.zaxxer.hikari.pool.HikariPool$HouseKeeper.run(HikariPool.java:788)] - HikariPool-1 - Thread starvation or clock leap detected (housekeeper delta=4m16s319ms).
2022-09-04 00:31:41.397 WARN [HikariPool-1 housekeeper] [com.zaxxer.hikari.pool.HikariPool$HouseKeeper.run(HikariPool.java:788)] - HikariPool-1 - Thread starvation or clock leap detected (housekeeper delta=1m39s764ms).
2022-09-04 00:41:59.715 ERROR [http-nio-8082-exec-7] [com.apex.apexjwt.configuration.JwtRequestFilter.doFilterInternal(JwtRequestFilter.java:48)] - Date: Sun Sep 04 00:41:59 BDT 2022 JWT Filter: JWT token is expired
2022-09-04 00:41:59.715 ERROR [http-nio-8082-exec-6] [com.apex.apexjwt.configuration.JwtRequestFilter.doFilterInternal(JwtRequestFilter.java:48)] - Date: Sun Sep 04 00:41:59 BDT 2022 JWT Filter: JWT token is expired
2022-09-04 00:41:59.715 ERROR [http-nio-8082-exec-3] [com.apex.apexjwt.configuration.JwtRequestFilter.doFilterInternal(JwtRequestFilter.java:48)] - Date: Sun Sep 04 00:41:59 BDT 2022 JWT Filter: JWT token is expired
2022-09-04 00:41:59.715 ERROR [http-nio-8082-exec-1] [com.apex.apexjwt.configuration.JwtRequestFilter.doFilterInternal(JwtRequestFilter.java:48)] - Date: Sun Sep 04 00:41:59 BDT 2022 JWT Filter: JWT token is expired
2022-09-04 00:41:59.716 ERROR [http-nio-8082-exec-8] [com.apex.apexjwt.configuration.JwtRequestFilter.doFilterInternal(JwtRequestFilter.java:48)] - Date: Sun Sep 04 00:41:59 BDT 2022 JWT Filter: JWT token is expired
2022-09-04 00:41:59.715 ERROR [http-nio-8082-exec-5] [com.apex.apexjwt.configuration.JwtRequestFilter.doFilterInternal(JwtRequestFilter.java:48)] - Date: Sun Sep 04 00:41:59 BDT 2022 JWT Filter: JWT token is expired
2022-09-04 00:41:59.936 ERROR [http-nio-8082-exec-3] [com.apex.apexjwt.configuration.JwtRequestFilter.doFilterInternal(JwtRequestFilter.java:48)] - Date: Sun Sep 04 00:41:59 BDT 2022 JWT Filter: JWT token is expired
2022-09-04 00:41:59.936 ERROR [http-nio-8082-exec-5] [com.apex.apexjwt.configuration.JwtRequestFilter.doFilterInternal(JwtRequestFilter.java:48)] - Date: Sun Sep 04 00:41:59 BDT 2022 JWT Filter: JWT token is expired
2022-09-04 00:42:27.184 ERROR [http-nio-8082-exec-9] [com.apex.apexjwt.configuration.JwtRequestFilter.doFilterInternal(JwtRequestFilter.java:52)] - Date: Sun Sep 04 00:42:27 BDT 2022 JWT Filter: JWT Token Doesn't start with Bearer
2022-09-04 00:42:27.221 INFO [http-nio-8082-exec-9] [com.apex.apexjwt.controller.JwtController.createJwtToken(JwtController.java:36)] - Date: Sun Sep 04 00:42:27 BDT 2022 JWTRequest: JwtRequest(userName=admin, password=admin)
2022-09-04 00:44:18.141 INFO [http-nio-8082-exec-4] [com.apex.apexjwt.controller.ContractDetailsController.createContractDetail(ContractDetailsController.java:65)] - SeasonList: SeasonList(id=1, seasonCode=S001, seasonName=Season 1, seasonStart=2022-08-17, seasonEnd=2022-08-30, status=active)
2022-09-04 00:44:18.161 INFO [http-nio-8082-exec-4] [com.apex.apexjwt.controller.ContractDetailsController.createContractDetail(ContractDetailsController.java:67)] - landDetail: LandDetail(id=1, landName=Land-1, landType=Plain, landSize=3, landCurrentStatus=Used, landDesc=Rice Land, landLocation=Location(locationId=1, locationCode=L001, locationName=Location-1, status=active))
2022-09-04 00:44:18.175 INFO [http-nio-8082-exec-4] [com.apex.apexjwt.controller.ContractDetailsController.createContractDetail(ContractDetailsController.java:69)] - CropList: CropList(id=1, cropCode=CRP-001, cropName=Crop-1, unit=10, status=active)
2022-09-04 00:44:18.181 INFO [http-nio-8082-exec-4] [com.apex.apexjwt.controller.ContractDetailsController.createContractDetail(ContractDetailsController.java:71)] - Crop Variety: CropVarietyDetail(id=6, crop=CropList(id=1, cropCode=CRP-001, cropName=Crop-1, unit=10, status=active), varietyCode=VRT-001, varietyName=Variety-1, cropCycle=60, expectedYield=45, initialHarvest=55, status=active)
2022-09-04 00:44:19.800 INFO [http-nio-8082-exec-4] [com.apex.apexjwt.controller.ContractDetailsController.createContractDetail(ContractDetailsController.java:65)] - SeasonList: SeasonList(id=1, seasonCode=S001, seasonName=Season 1, seasonStart=2022-08-17, seasonEnd=2022-08-30, status=active)
2022-09-04 00:44:19.809 INFO [http-nio-8082-exec-4] [com.apex.apexjwt.controller.ContractDetailsController.createContractDetail(ContractDetailsController.java:67)] - landDetail: LandDetail(id=2, landName=Land-2, landType=Plain, landSize=5, landCurrentStatus=Used, landDesc=Farm land, landLocation=Location(locationId=1, locationCode=L001, locationName=Location-1, status=active))
2022-09-04 00:44:19.811 INFO [http-nio-8082-exec-4] [com.apex.apexjwt.controller.ContractDetailsController.createContractDetail(ContractDetailsController.java:69)] - CropList: CropList(id=2, cropCode=CRP-002, cropName=Crop-2, unit=20, status=active)
2022-09-04 00:44:19.812 INFO [http-nio-8082-exec-4] [com.apex.apexjwt.controller.ContractDetailsController.createContractDetail(ContractDetailsController.java:71)] - Crop Variety: CropVarietyDetail(id=11, crop=CropList(id=2, cropCode=CRP-002, cropName=Crop-2, unit=20, status=active), varietyCode=VRT-002, varietyName=Variety-2, cropCycle=90, expectedYield=20, initialHarvest=80, status=active)
2022-09-04 00:44:21.226 INFO [http-nio-8082-exec-4] [com.apex.apexjwt.controller.ContractDetailsController.createContractDetail(ContractDetailsController.java:95)] - Input Detail Request: InputDetailRequest(id=2, inputCategoryName=Farm Input Category 1, productName=Product-1, distributionQty=34, subTotal=13600)
2022-09-04 00:44:21.263 INFO [http-nio-8082-exec-4] [com.apex.apexjwt.controller.ContractDetailsController.createContractDetail(ContractDetailsController.java:97)] - Farm Input Category: FarmInputCategory(id=1, inputCatCode=FI-CAT-001, inputCatName=Farm Input Category 1, status=active)
2022-09-04 00:44:21.273 INFO [http-nio-8082-exec-4] [com.apex.apexjwt.controller.ContractDetailsController.createContractDetail(ContractDetailsController.java:99)] - Product: Product(id=3, productName=Product-1, productDesc=Product Desc 1, productType=Type -1, productUom=Test, productQty=500.00, productStockStatus=Stock, productManufacturer=Manufacturer(id=1, manufacturerName=Seed Bangladesh, manufacturerDesc=seed company BD, status=Active), productPrice=400.0000, productReorderLevel=50, status=active, productCategory=FarmInputCategory(id=1, inputCatCode=FI-CAT-001, inputCatName=Farm Input Category 1, status=active))
2022-09-04 00:44:21.876 INFO [http-nio-8082-exec-4] [com.apex.apexjwt.controller.ContractDetailsController.createContractDetail(ContractDetailsController.java:95)] - Input Detail Request: InputDetailRequest(id=3, inputCategoryName=Farm Input Category 2, productName=Product-2, distributionQty=234, subTotal=140400)
2022-09-04 00:44:21.885 INFO [http-nio-8082-exec-4] [com.apex.apexjwt.controller.ContractDetailsController.createContractDetail(ContractDetailsController.java:97)] - Farm Input Category: FarmInputCategory(id=2, inputCatCode=FI-CAT-002, inputCatName=Farm Input Category 2, status=active)
2022-09-04 00:44:21.891 INFO [http-nio-8082-exec-4] [com.apex.apexjwt.controller.ContractDetailsController.createContractDetail(ContractDetailsController.java:99)] - Product: Product(id=4, productName=Product-2, productDesc=Product Desc 2, productType=Type-2, productUom=Test, productQty=800.00, productStockStatus=Stock, productManufacturer=Manufacturer(id=1, manufacturerName=Seed Bangladesh, manufacturerDesc=seed company BD, status=Active), productPrice=600.0000, productReorderLevel=50, status=active, productCategory=FarmInputCategory(id=2, inputCatCode=FI-CAT-002, inputCatName=Farm Input Category 2, status=active))
2022-09-04 00:47:33.640 INFO [SpringApplicationShutdownHook] [org.springframework.orm.jpa.AbstractEntityManagerFactoryBean.destroy(AbstractEntityManagerFactoryBean.java:651)] - Closing JPA EntityManagerFactory for persistence unit 'default'
2022-09-04 00:47:33.670 INFO [SpringApplicationShutdownHook] [com.zaxxer.hikari.HikariDataSource.close(HikariDataSource.java:350)] - HikariPool-1 - Shutdown initiated...
2022-09-04 00:47:33.684 INFO [SpringApplicationShutdownHook] [com.zaxxer.hikari.HikariDataSource.close(HikariDataSource.java:352)] - HikariPool-1 - Shutdown completed.
2022-09-04 09:20:58.224 INFO [main] [org.springframework.boot.StartupInfoLogger.logStarting(StartupInfoLogger.java:55)] - Starting ApexJwtApplication using Java 1.8.0_231 on AHL-504646 with PID 13352 (F:\GitHub\ApexProjectFinal\apexJWT\target\classes started by Reazul in F:\GitHub\ApexProjectFinal\apexJWT)
2022-09-04 09:20:58.268 INFO [main] [org.springframework.boot.SpringApplication.logStartupProfileInfo(SpringApplication.java:640)] - No active profile set, falling back to 1 default profile: "default"
2022-09-04 09:21:04.157 INFO [main] [org.springframework.data.repository.config.RepositoryConfigurationDelegate.registerRepositoriesIn(RepositoryConfigurationDelegate.java:132)] - Bootstrapping Spring Data JPA repositories in DEFAULT mode.
2022-09-04 09:21:04.981 INFO [main] [org.springframework.data.repository.config.RepositoryConfigurationDelegate.registerRepositoriesIn(RepositoryConfigurationDelegate.java:201)] - Finished Spring Data repository scanning in 794 ms. Found 45 JPA repository interfaces.
2022-09-04 09:21:07.880 INFO [main] [org.springframework.boot.web.embedded.tomcat.TomcatWebServer.initialize(TomcatWebServer.java:108)] - Tomcat initialized with port(s): 8082 (http)
2022-09-04 09:21:07.911 INFO [main] [org.apache.juli.logging.DirectJDKLog.log(DirectJDKLog.java:173)] - Initializing ProtocolHandler ["http-nio-8082"]
2022-09-04 09:21:07.913 INFO [main] [org.apache.juli.logging.DirectJDKLog.log(DirectJDKLog.java:173)] - Starting service [Tomcat]
2022-09-04 09:21:07.914 INFO [main] [org.apache.juli.logging.DirectJDKLog.log(DirectJDKLog.java:173)] - Starting Servlet engine: [Apache Tomcat/9.0.62]
2022-09-04 09:21:08.394 INFO [main] [org.apache.juli.logging.DirectJDKLog.log(DirectJDKLog.java:173)] - Initializing Spring embedded WebApplicationContext
2022-09-04 09:21:08.395 INFO [main] [org.springframework.boot.web.servlet.context.ServletWebServerApplicationContext.prepareWebApplicationContext(ServletWebServerApplicationContext.java:290)] - Root WebApplicationContext: initialization completed in 9837 ms
2022-09-04 09:21:09.660 INFO [main] [org.hibernate.jpa.internal.util.LogHelper.logPersistenceUnitInformation(LogHelper.java:31)] - HHH000204: Processing PersistenceUnitInfo [name: default]
2022-09-04 09:21:09.983 INFO [main] [org.hibernate.Version.logVersion(Version.java:44)] - HHH000412: Hibernate ORM core version 5.6.8.Final
2022-09-04 09:21:10.891 INFO [main] [org.hibernate.annotations.common.reflection.java.JavaReflectionManager.<clinit>(JavaReflectionManager.java:56)] - HCANN000001: Hibernate Commons Annotations {5.1.2.Final}
2022-09-04 09:21:11.647 WARN [main] [com.zaxxer.hikari.HikariConfig.validateNumerics(HikariConfig.java:1042)] - HikariPool-1 - maxLifetime is less than 30000ms, setting to default 1800000ms.
2022-09-04 09:21:11.649 WARN [main] [com.zaxxer.hikari.HikariConfig.validateNumerics(HikariConfig.java:1092)] - HikariPool-1 - idleTimeout has been set but has no effect because the pool is operating as a fixed size pool.
2022-09-04 09:21:11.650 INFO [main] [com.zaxxer.hikari.HikariDataSource.getConnection(HikariDataSource.java:110)] - HikariPool-1 - Starting...
2022-09-04 09:21:12.925 INFO [main] [com.zaxxer.hikari.HikariDataSource.getConnection(HikariDataSource.java:123)] - HikariPool-1 - Start completed.
2022-09-04 09:21:13.053 INFO [main] [org.hibernate.dialect.Dialect.<init>(Dialect.java:175)] - HHH000400: Using dialect: org.hibernate.dialect.MySQL55Dialect
2022-09-04 09:21:16.853 INFO [main] [org.hibernate.engine.transaction.jta.platform.internal.JtaPlatformInitiator.initiateService(JtaPlatformInitiator.java:52)] - HHH000490: Using JtaPlatform implementation: [org.hibernate.engine.transaction.jta.platform.internal.NoJtaPlatform]
2022-09-04 09:21:16.895 INFO [main] [org.springframework.orm.jpa.AbstractEntityManagerFactoryBean.buildNativeEntityManagerFactory(AbstractEntityManagerFactoryBean.java:437)] - Initialized JPA EntityManagerFactory for persistence unit 'default'
2022-09-04 09:21:18.763 WARN [main] [org.springframework.boot.autoconfigure.orm.jpa.JpaBaseConfiguration$JpaWebConfiguration.openEntityManagerInViewInterceptor(JpaBaseConfiguration.java:219)] - spring.jpa.open-in-view is enabled by default. Therefore, database queries may be performed during view rendering. Explicitly configure spring.jpa.open-in-view to disable this warning
2022-09-04 09:21:25.581 INFO [main] [org.springframework.boot.actuate.endpoint.web.EndpointLinksResolver.<init>(EndpointLinksResolver.java:58)] - Exposing 1 endpoint(s) beneath base path '/actuator'
2022-09-04 09:21:25.668 INFO [main] [org.springframework.security.web.DefaultSecurityFilterChain.<init>(DefaultSecurityFilterChain.java:55)] - Will secure any request with [org.springframework.security.web.context.request.async.WebAsyncManagerIntegrationFilter@74aa29c7, org.springframework.security.web.context.SecurityContextPersistenceFilter@69a8191e, org.springframework.security.web.header.HeaderWriterFilter@414d5660, org.springframework.web.filter.CorsFilter@7c8d382e, org.springframework.security.web.authentication.logout.LogoutFilter@4563d421, com.apex.apexjwt.configuration.JwtRequestFilter@5d51203b, org.springframework.security.web.savedrequest.RequestCacheAwareFilter@1621264e, org.springframework.security.web.servletapi.SecurityContextHolderAwareRequestFilter@34fe89a5, org.springframework.security.web.authentication.AnonymousAuthenticationFilter@751e7d99, org.springframework.security.web.session.SessionManagementFilter@728cf276, org.springframework.security.web.access.ExceptionTranslationFilter@3b67c637, org.springframework.security.web.access.intercept.FilterSecurityInterceptor@67d6b0a6]
2022-09-04 09:21:27.503 INFO [main] [org.apache.juli.logging.DirectJDKLog.log(DirectJDKLog.java:173)] - Starting ProtocolHandler ["http-nio-8082"]
2022-09-04 09:21:27.603 INFO [main] [org.springframework.boot.web.embedded.tomcat.TomcatWebServer.start(TomcatWebServer.java:220)] - Tomcat started on port(s): 8082 (http) with context path ''
2022-09-04 09:21:27.660 INFO [main] [org.springframework.boot.StartupInfoLogger.logStarted(StartupInfoLogger.java:61)] - Started ApexJwtApplication in 30.686 seconds (JVM running for 36.492)
2022-09-04 09:35:55.158 INFO [http-nio-8082-exec-1] [org.apache.juli.logging.DirectJDKLog.log(DirectJDKLog.java:173)] - Initializing Spring DispatcherServlet 'dispatcherServlet'
2022-09-04 09:35:56.791 INFO [http-nio-8082-exec-1] [org.springframework.web.servlet.FrameworkServlet.initServletBean(FrameworkServlet.java:525)] - Initializing Servlet 'dispatcherServlet'
2022-09-04 09:35:56.948 INFO [http-nio-8082-exec-1] [org.springframework.web.servlet.FrameworkServlet.initServletBean(FrameworkServlet.java:547)] - Completed initialization in 156 ms
2022-09-04 09:35:57.314 ERROR [http-nio-8082-exec-2] [com.apex.apexjwt.configuration.JwtRequestFilter.doFilterInternal(JwtRequestFilter.java:52)] - Date: Sun Sep 04 09:35:57 BDT 2022 JWT Filter: JWT Token Doesn't start with Bearer
2022-09-04 09:35:57.755 INFO [http-nio-8082-exec-2] [com.apex.apexjwt.controller.JwtController.createJwtToken(JwtController.java:36)] - Date: Sun Sep 04 09:35:57 BDT 2022 JWTRequest: JwtRequest(userName=admin, password=admin)
2022-09-04 09:36:00.630 ERROR [http-nio-8082-exec-5] [com.apex.apexjwt.configuration.JwtRequestFilter.doFilterInternal(JwtRequestFilter.java:52)] - Date: Sun Sep 04 09:36:00 BDT 2022 JWT Filter: JWT Token Doesn't start with Bearer
2022-09-04 09:36:00.640 INFO [http-nio-8082-exec-5] [com.apex.apexjwt.controller.JwtController.createJwtToken(JwtController.java:36)] - Date: Sun Sep 04 09:36:00 BDT 2022 JWTRequest: JwtRequest(userName=admin, password=admin)
2022-09-04 14:40:39.041 ERROR [http-nio-8082-exec-9] [com.apex.apexjwt.configuration.JwtRequestFilter.doFilterInternal(JwtRequestFilter.java:48)] - Date: Sun Sep 04 14:40:39 BDT 2022 JWT Filter: JWT token is expired
2022-09-04 14:40:39.041 ERROR [http-nio-8082-exec-10] [com.apex.apexjwt.configuration.JwtRequestFilter.doFilterInternal(JwtRequestFilter.java:48)] - Date: Sun Sep 04 14:40:39 BDT 2022 JWT Filter: JWT token is expired
2022-09-04 14:40:39.041 ERROR [http-nio-8082-exec-8] [com.apex.apexjwt.configuration.JwtRequestFilter.doFilterInternal(JwtRequestFilter.java:48)] - Date: Sun Sep 04 14:40:39 BDT 2022 JWT Filter: JWT token is expired
2022-09-04 14:40:43.208 ERROR [http-nio-8082-exec-4] [com.apex.apexjwt.configuration.JwtRequestFilter.doFilterInternal(JwtRequestFilter.java:48)] - Date: Sun Sep 04 14:40:43 BDT 2022 JWT Filter: JWT token is expired
2022-09-04 14:40:43.208 ERROR [http-nio-8082-exec-5] [com.apex.apexjwt.configuration.JwtRequestFilter.doFilterInternal(JwtRequestFilter.java:48)] - Date: Sun Sep 04 14:40:43 BDT 2022 JWT Filter: JWT token is expired
2022-09-04 14:40:43.208 ERROR [http-nio-8082-exec-2] [com.apex.apexjwt.configuration.JwtRequestFilter.doFilterInternal(JwtRequestFilter.java:48)] - Date: Sun Sep 04 14:40:43 BDT 2022 JWT Filter: JWT token is expired
2022-09-04 14:41:55.053 ERROR [http-nio-8082-exec-4] [com.apex.apexjwt.configuration.JwtRequestFilter.doFilterInternal(JwtRequestFilter.java:48)] - Date: Sun Sep 04 14:41:55 BDT 2022 JWT Filter: JWT token is expired
2022-09-04 14:41:55.055 ERROR [http-nio-8082-exec-5] [com.apex.apexjwt.configuration.JwtRequestFilter.doFilterInternal(JwtRequestFilter.java:48)] - Date: Sun Sep 04 14:41:55 BDT 2022 JWT Filter: JWT token is expired
2022-09-04 14:41:55.055 ERROR [http-nio-8082-exec-10] [com.apex.apexjwt.configuration.JwtRequestFilter.doFilterInternal(JwtRequestFilter.java:48)] - Date: Sun Sep 04 14:41:55 BDT 2022 JWT Filter: JWT token is expired
2022-09-04 14:42:06.548 ERROR [http-nio-8082-exec-7] [com.apex.apexjwt.configuration.JwtRequestFilter.doFilterInternal(JwtRequestFilter.java:48)] - Date: Sun Sep 04 14:42:06 BDT 2022 JWT Filter: JWT token is expired
2022-09-04 14:42:06.559 ERROR [http-nio-8082-exec-4] [com.apex.apexjwt.configuration.JwtRequestFilter.doFilterInternal(JwtRequestFilter.java:48)] - Date: Sun Sep 04 14:42:06 BDT 2022 JWT Filter: JWT token is expired
2022-09-04 14:42:06.560 ERROR [http-nio-8082-exec-5] [com.apex.apexjwt.configuration.JwtRequestFilter.doFilterInternal(JwtRequestFilter.java:48)] - Date: Sun Sep 04 14:42:06 BDT 2022 JWT Filter: JWT token is expired
2022-09-04 14:43:07.899 ERROR [http-nio-8082-exec-5] [com.apex.apexjwt.configuration.JwtRequestFilter.doFilterInternal(JwtRequestFilter.java:48)] - Date: Sun Sep 04 14:43:07 BDT 2022 JWT Filter: JWT token is expired
2022-09-04 14:43:07.899 ERROR [http-nio-8082-exec-7] [com.apex.apexjwt.configuration.JwtRequestFilter.doFilterInternal(JwtRequestFilter.java:48)] - Date: Sun Sep 04 14:43:07 BDT 2022 JWT Filter: JWT token is expired
2022-09-04 14:43:07.899 ERROR [http-nio-8082-exec-6] [com.apex.apexjwt.configuration.JwtRequestFilter.doFilterInternal(JwtRequestFilter.java:48)] - Date: Sun Sep 04 14:43:07 BDT 2022 JWT Filter: JWT token is expired
2022-09-04 16:26:24.848 ERROR [http-nio-8082-exec-2] [com.apex.apexjwt.configuration.JwtRequestFilter.doFilterInternal(JwtRequestFilter.java:52)] - Date: Sun Sep 04 16:26:24 BDT 2022 JWT Filter: JWT Token Doesn't start with Bearer
2022-09-04 16:26:48.495 ERROR [http-nio-8082-exec-8] [com.apex.apexjwt.configuration.JwtRequestFilter.doFilterInternal(JwtRequestFilter.java:52)] - Date: Sun Sep 04 16:26:48 BDT 2022 JWT Filter: JWT Token Doesn't start with Bearer
2022-09-04 16:27:01.064 ERROR [http-nio-8082-exec-7] [com.apex.apexjwt.configuration.JwtRequestFilter.doFilterInternal(JwtRequestFilter.java:52)] - Date: Sun Sep 04 16:27:01 BDT 2022 JWT Filter: JWT Token Doesn't start with Bearer
2022-09-04 16:27:01.235 INFO [http-nio-8082-exec-7] [com.apex.apexjwt.controller.JwtController.createJwtToken(JwtController.java:36)] - Date: Sun Sep 04 16:27:01 BDT 2022 JWTRequest: JwtRequest(userName=admin, password=admin)
2022-09-04 16:27:06.002 ERROR [http-nio-8082-exec-1] [com.apex.apexjwt.configuration.JwtRequestFilter.doFilterInternal(JwtRequestFilter.java:52)] - Date: Sun Sep 04 16:27:06 BDT 2022 JWT Filter: JWT Token Doesn't start with Bearer
2022-09-04 16:27:46.907 ERROR [http-nio-8082-exec-10] [com.apex.apexjwt.configuration.JwtRequestFilter.doFilterInternal(JwtRequestFilter.java:52)] - Date: Sun Sep 04 16:27:46 BDT 2022 JWT Filter: JWT Token Doesn't start with Bearer
2022-09-04 16:28:14.528 ERROR [http-nio-8082-exec-9] [com.apex.apexjwt.configuration.JwtRequestFilter.doFilterInternal(JwtRequestFilter.java:52)] - Date: Sun Sep 04 16:28:14 BDT 2022 JWT Filter: JWT Token Doesn't start with Bearer
2022-09-04 16:37:15.759 INFO [SpringApplicationShutdownHook] [org.springframework.orm.jpa.AbstractEntityManagerFactoryBean.destroy(AbstractEntityManagerFactoryBean.java:651)] - Closing JPA EntityManagerFactory for persistence unit 'default'
2022-09-04 16:37:15.852 INFO [SpringApplicationShutdownHook] [com.zaxxer.hikari.HikariDataSource.close(HikariDataSource.java:350)] - HikariPool-1 - Shutdown initiated...
2022-09-04 16:37:15.892 INFO [SpringApplicationShutdownHook] [com.zaxxer.hikari.HikariDataSource.close(HikariDataSource.java:352)] - HikariPool-1 - Shutdown completed.
2022-09-04 19:14:08.850 INFO [main] [org.springframework.boot.StartupInfoLogger.logStarting(StartupInfoLogger.java:55)] - Starting ApexJwtApplication using Java 1.8.0_291 on Reazuls-MacBook-Air.local with PID 3375 (/Users/reazulhaque/Documents/GitHub/ApexProject/apexJWT/target/classes started by reazulhaque in /Users/reazulhaque/Documents/GitHub/ApexProject/apexJWT)
2022-09-04 19:14:08.872 INFO [main] [org.springframework.boot.SpringApplication.logStartupProfileInfo(SpringApplication.java:640)] - No active profile set, falling back to 1 default profile: "default"
2022-09-04 19:14:10.796 INFO [main] [org.springframework.data.repository.config.RepositoryConfigurationDelegate.registerRepositoriesIn(RepositoryConfigurationDelegate.java:132)] - Bootstrapping Spring Data JPA repositories in DEFAULT mode.
2022-09-04 19:14:11.135 INFO [main] [org.springframework.data.repository.config.RepositoryConfigurationDelegate.registerRepositoriesIn(RepositoryConfigurationDelegate.java:201)] - Finished Spring Data repository scanning in 327 ms. Found 46 JPA repository interfaces.
2022-09-04 19:14:12.800 INFO [main] [org.springframework.boot.web.embedded.tomcat.TomcatWebServer.initialize(TomcatWebServer.java:108)] - Tomcat initialized with port(s): 8082 (http)
2022-09-04 19:14:12.820 INFO [main] [org.apache.juli.logging.DirectJDKLog.log(DirectJDKLog.java:173)] - Initializing ProtocolHandler ["http-nio-8082"]
2022-09-04 19:14:12.822 INFO [main] [org.apache.juli.logging.DirectJDKLog.log(DirectJDKLog.java:173)] - Starting service [Tomcat]
2022-09-04 19:14:12.822 INFO [main] [org.apache.juli.logging.DirectJDKLog.log(DirectJDKLog.java:173)] - Starting Servlet engine: [Apache Tomcat/9.0.62]
2022-09-04 19:14:13.228 INFO [main] [org.apache.juli.logging.DirectJDKLog.log(DirectJDKLog.java:173)] - Initializing Spring embedded WebApplicationContext
2022-09-04 19:14:13.229 INFO [main] [org.springframework.boot.web.servlet.context.ServletWebServerApplicationContext.prepareWebApplicationContext(ServletWebServerApplicationContext.java:290)] - Root WebApplicationContext: initialization completed in 4158 ms
2022-09-04 19:14:14.125 INFO [main] [org.hibernate.jpa.internal.util.LogHelper.logPersistenceUnitInformation(LogHelper.java:31)] - HHH000204: Processing PersistenceUnitInfo [name: default]
2022-09-04 19:14:14.187 INFO [main] [org.hibernate.Version.logVersion(Version.java:44)] - HHH000412: Hibernate ORM core version 5.6.8.Final
2022-09-04 19:14:14.450 INFO [main] [org.hibernate.annotations.common.reflection.java.JavaReflectionManager.<clinit>(JavaReflectionManager.java:56)] - HCANN000001: Hibernate Commons Annotations {5.1.2.Final}
2022-09-04 19:14:14.621 WARN [main] [com.zaxxer.hikari.HikariConfig.validateNumerics(HikariConfig.java:1042)] - HikariPool-1 - maxLifetime is less than 30000ms, setting to default 1800000ms.
2022-09-04 19:14:14.621 WARN [main] [com.zaxxer.hikari.HikariConfig.validateNumerics(HikariConfig.java:1092)] - HikariPool-1 - idleTimeout has been set but has no effect because the pool is operating as a fixed size pool.
2022-09-04 19:14:14.621 INFO [main] [com.zaxxer.hikari.HikariDataSource.getConnection(HikariDataSource.java:110)] - HikariPool-1 - Starting...
2022-09-04 19:14:15.022 INFO [main] [com.zaxxer.hikari.HikariDataSource.getConnection(HikariDataSource.java:123)] - HikariPool-1 - Start completed.
2022-09-04 19:14:15.074 INFO [main] [org.hibernate.dialect.Dialect.<init>(Dialect.java:175)] - HHH000400: Using dialect: org.hibernate.dialect.MySQL55Dialect
2022-09-04 19:14:17.789 INFO [main] [org.hibernate.engine.transaction.jta.platform.internal.JtaPlatformInitiator.initiateService(JtaPlatformInitiator.java:52)] - HHH000490: Using JtaPlatform implementation: [org.hibernate.engine.transaction.jta.platform.internal.NoJtaPlatform]
2022-09-04 19:14:17.803 INFO [main] [org.springframework.orm.jpa.AbstractEntityManagerFactoryBean.buildNativeEntityManagerFactory(AbstractEntityManagerFactoryBean.java:437)] - Initialized JPA EntityManagerFactory for persistence unit 'default'
2022-09-04 19:14:19.016 WARN [main] [org.springframework.boot.autoconfigure.orm.jpa.JpaBaseConfiguration$JpaWebConfiguration.openEntityManagerInViewInterceptor(JpaBaseConfiguration.java:219)] - spring.jpa.open-in-view is enabled by default. Therefore, database queries may be performed during view rendering. Explicitly configure spring.jpa.open-in-view to disable this warning
2022-09-04 19:14:23.852 INFO [main] [org.springframework.boot.actuate.endpoint.web.EndpointLinksResolver.<init>(EndpointLinksResolver.java:58)] - Exposing 1 endpoint(s) beneath base path '/actuator'
2022-09-04 19:14:23.916 INFO [main] [org.springframework.security.web.DefaultSecurityFilterChain.<init>(DefaultSecurityFilterChain.java:55)] - Will secure any request with [org.springframework.security.web.context.request.async.WebAsyncManagerIntegrationFilter@7d1f906b, org.springframework.security.web.context.SecurityContextPersistenceFilter@6272936b, org.springframework.security.web.header.HeaderWriterFilter@5a5c041f, org.springframework.web.filter.CorsFilter@22fb3dde, org.springframework.security.web.authentication.logout.LogoutFilter@740ef827, com.apex.apexjwt.configuration.JwtRequestFilter@750448fb, org.springframework.security.web.savedrequest.RequestCacheAwareFilter@7db57566, org.springframework.security.web.servletapi.SecurityContextHolderAwareRequestFilter@34f37ed4, org.springframework.security.web.authentication.AnonymousAuthenticationFilter@38682845, org.springframework.security.web.session.SessionManagementFilter@608c03e3, org.springframework.security.web.access.ExceptionTranslationFilter@61c1be2f, org.springframework.security.web.access.intercept.FilterSecurityInterceptor@6bbb3ec8]
2022-09-04 19:14:24.640 INFO [main] [org.apache.juli.logging.DirectJDKLog.log(DirectJDKLog.java:173)] - Starting ProtocolHandler ["http-nio-8082"]
2022-09-04 19:14:24.692 INFO [main] [org.springframework.boot.web.embedded.tomcat.TomcatWebServer.start(TomcatWebServer.java:220)] - Tomcat started on port(s): 8082 (http) with context path ''
2022-09-04 19:14:24.732 INFO [main] [org.springframework.boot.StartupInfoLogger.logStarted(StartupInfoLogger.java:61)] - Started ApexJwtApplication in 16.611 seconds (JVM running for 19.514)
2022-09-04 19:14:42.812 INFO [http-nio-8082-exec-2] [org.apache.juli.logging.DirectJDKLog.log(DirectJDKLog.java:173)] - Initializing Spring DispatcherServlet 'dispatcherServlet'
2022-09-04 19:14:42.813 INFO [http-nio-8082-exec-2] [org.springframework.web.servlet.FrameworkServlet.initServletBean(FrameworkServlet.java:525)] - Initializing Servlet 'dispatcherServlet'
2022-09-04 19:14:42.826 INFO [http-nio-8082-exec-2] [org.springframework.web.servlet.FrameworkServlet.initServletBean(FrameworkServlet.java:547)] - Completed initialization in 13 ms
2022-09-04 19:14:42.939 ERROR [http-nio-8082-exec-4] [com.apex.apexjwt.configuration.JwtRequestFilter.doFilterInternal(JwtRequestFilter.java:52)] - Date: Sun Sep 04 19:14:42 BDT 2022 JWT Filter: JWT Token Doesn't start with Bearer
2022-09-04 19:14:43.092 INFO [http-nio-8082-exec-4] [com.apex.apexjwt.controller.JwtController.createJwtToken(JwtController.java:36)] - Date: Sun Sep 04 19:14:43 BDT 2022 JWTRequest: JwtRequest(userName=admin, password=admin)
2022-09-04 19:14:53.168 ERROR [http-nio-8082-exec-1] [org.apache.juli.logging.DirectJDKLog.log(DirectJDKLog.java:175)] - Servlet.service() for servlet [dispatcherServlet] in context with path [] threw exception [Request processing failed; nested exception is org.springframework.dao.InvalidDataAccessResourceUsageException: Named parameter not bound : active; nested exception is org.hibernate.QueryException: Named parameter not bound : active] with root cause
org.hibernate.QueryException: Named parameter not bound : active
	at org.hibernate.query.internal.QueryParameterBindingsImpl.verifyParametersBound(QueryParameterBindingsImpl.java:211) ~[hibernate-core-5.6.8.Final.jar:5.6.8.Final]
	at org.hibernate.query.internal.AbstractProducedQuery.beforeQuery(AbstractProducedQuery.java:1511) ~[hibernate-core-5.6.8.Final.jar:5.6.8.Final]
	at org.hibernate.query.internal.AbstractProducedQuery.list(AbstractProducedQuery.java:1615) ~[hibernate-core-5.6.8.Final.jar:5.6.8.Final]
	at org.hibernate.query.Query.getResultList(Query.java:165) ~[hibernate-core-5.6.8.Final.jar:5.6.8.Final]
	at org.springframework.data.jpa.repository.query.JpaQueryExecution$CollectionExecution.doExecute(JpaQueryExecution.java:128) ~[spring-data-jpa-2.6.4.jar:2.6.4]
	at org.springframework.data.jpa.repository.query.JpaQueryExecution.execute(JpaQueryExecution.java:90) ~[spring-data-jpa-2.6.4.jar:2.6.4]
	at org.springframework.data.jpa.repository.query.AbstractJpaQuery.doExecute(AbstractJpaQuery.java:155) ~[spring-data-jpa-2.6.4.jar:2.6.4]
	at org.springframework.data.jpa.repository.query.AbstractJpaQuery.execute(AbstractJpaQuery.java:143) ~[spring-data-jpa-2.6.4.jar:2.6.4]
	at org.springframework.data.repository.core.support.RepositoryMethodInvoker.doInvoke(RepositoryMethodInvoker.java:137) ~[spring-data-commons-2.6.4.jar:2.6.4]
	at org.springframework.data.repository.core.support.RepositoryMethodInvoker.invoke(RepositoryMethodInvoker.java:121) ~[spring-data-commons-2.6.4.jar:2.6.4]
	at org.springframework.data.repository.core.support.QueryExecutorMethodInterceptor.doInvoke(QueryExecutorMethodInterceptor.java:159) ~[spring-data-commons-2.6.4.jar:2.6.4]
	at org.springframework.data.repository.core.support.QueryExecutorMethodInterceptor.invoke(QueryExecutorMethodInterceptor.java:138) ~[spring-data-commons-2.6.4.jar:2.6.4]
	at org.springframework.aop.framework.ReflectiveMethodInvocation.proceed(ReflectiveMethodInvocation.java:186) ~[spring-aop-5.3.19.jar:5.3.19]
	at org.springframework.data.projection.DefaultMethodInvokingMethodInterceptor.invoke(DefaultMethodInvokingMethodInterceptor.java:80) ~[spring-data-commons-2.6.4.jar:2.6.4]
	at org.springframework.aop.framework.ReflectiveMethodInvocation.proceed(ReflectiveMethodInvocation.java:186) ~[spring-aop-5.3.19.jar:5.3.19]
	at org.springframework.transaction.interceptor.TransactionInterceptor$1.proceedWithInvocation(TransactionInterceptor.java:123) ~[spring-tx-5.3.19.jar:5.3.19]
	at org.springframework.transaction.interceptor.TransactionAspectSupport.invokeWithinTransaction(TransactionAspectSupport.java:388) ~[spring-tx-5.3.19.jar:5.3.19]
	at org.springframework.transaction.interceptor.TransactionInterceptor.invoke(TransactionInterceptor.java:119) ~[spring-tx-5.3.19.jar:5.3.19]
	at org.springframework.aop.framework.ReflectiveMethodInvocation.proceed(ReflectiveMethodInvocation.java:186) ~[spring-aop-5.3.19.jar:5.3.19]
	at org.springframework.dao.support.PersistenceExceptionTranslationInterceptor.invoke(PersistenceExceptionTranslationInterceptor.java:137) ~[spring-tx-5.3.19.jar:5.3.19]
	at org.springframework.aop.framework.ReflectiveMethodInvocation.proceed(ReflectiveMethodInvocation.java:186) ~[spring-aop-5.3.19.jar:5.3.19]
	at org.springframework.data.jpa.repository.support.CrudMethodMetadataPostProcessor$CrudMethodMetadataPopulatingMethodInterceptor.invoke(CrudMethodMetadataPostProcessor.java:145) ~[spring-data-jpa-2.6.4.jar:2.6.4]
	at org.springframework.aop.framework.ReflectiveMethodInvocation.proceed(ReflectiveMethodInvocation.java:186) ~[spring-aop-5.3.19.jar:5.3.19]
	at org.springframework.aop.interceptor.ExposeInvocationInterceptor.invoke(ExposeInvocationInterceptor.java:97) ~[spring-aop-5.3.19.jar:5.3.19]
	at org.springframework.aop.framework.ReflectiveMethodInvocation.proceed(ReflectiveMethodInvocation.java:186) ~[spring-aop-5.3.19.jar:5.3.19]
	at org.springframework.aop.framework.JdkDynamicAopProxy.invoke(JdkDynamicAopProxy.java:215) ~[spring-aop-5.3.19.jar:5.3.19]
	at com.sun.proxy.$Proxy163.getAllActiveContractDetail(Unknown Source) ~[?:?]
	at com.apex.apexjwt.service.ContractDetailsServiceImpl.getAllContractDetail(ContractDetailsServiceImpl.java:30) ~[classes/:?]
	at com.apex.apexjwt.controller.ContractDetailsController.getAllContractList(ContractDetailsController.java:140) ~[classes/:?]
	at sun.reflect.NativeMethodAccessorImpl.invoke0(Native Method) ~[?:1.8.0_291]
	at sun.reflect.NativeMethodAccessorImpl.invoke(NativeMethodAccessorImpl.java:62) ~[?:1.8.0_291]
	at sun.reflect.DelegatingMethodAccessorImpl.invoke(DelegatingMethodAccessorImpl.java:43) ~[?:1.8.0_291]
	at java.lang.reflect.Method.invoke(Method.java:498) ~[?:1.8.0_291]
	at org.springframework.web.method.support.InvocableHandlerMethod.doInvoke(InvocableHandlerMethod.java:205) ~[spring-web-5.3.19.jar:5.3.19]
	at org.springframework.web.method.support.InvocableHandlerMethod.invokeForRequest(InvocableHandlerMethod.java:150) ~[spring-web-5.3.19.jar:5.3.19]
	at org.springframework.web.servlet.mvc.method.annotation.ServletInvocableHandlerMethod.invokeAndHandle(ServletInvocableHandlerMethod.java:117) ~[spring-webmvc-5.3.19.jar:5.3.19]
	at org.springframework.web.servlet.mvc.method.annotation.RequestMappingHandlerAdapter.invokeHandlerMethod(RequestMappingHandlerAdapter.java:895) ~[spring-webmvc-5.3.19.jar:5.3.19]
	at org.springframework.web.servlet.mvc.method.annotation.RequestMappingHandlerAdapter.handleInternal(RequestMappingHandlerAdapter.java:808) ~[spring-webmvc-5.3.19.jar:5.3.19]
	at org.springframework.web.servlet.mvc.method.AbstractHandlerMethodAdapter.handle(AbstractHandlerMethodAdapter.java:87) ~[spring-webmvc-5.3.19.jar:5.3.19]
	at org.springframework.web.servlet.DispatcherServlet.doDispatch(DispatcherServlet.java:1067) ~[spring-webmvc-5.3.19.jar:5.3.19]
	at org.springframework.web.servlet.DispatcherServlet.doService(DispatcherServlet.java:963) ~[spring-webmvc-5.3.19.jar:5.3.19]
	at org.springframework.web.servlet.FrameworkServlet.processRequest(FrameworkServlet.java:1006) ~[spring-webmvc-5.3.19.jar:5.3.19]
	at org.springframework.web.servlet.FrameworkServlet.doGet(FrameworkServlet.java:898) ~[spring-webmvc-5.3.19.jar:5.3.19]
	at javax.servlet.http.HttpServlet.service(HttpServlet.java:655) ~[tomcat-embed-core-9.0.62.jar:4.0.FR]
	at org.springframework.web.servlet.FrameworkServlet.service(FrameworkServlet.java:883) ~[spring-webmvc-5.3.19.jar:5.3.19]
	at javax.servlet.http.HttpServlet.service(HttpServlet.java:764) ~[tomcat-embed-core-9.0.62.jar:4.0.FR]
	at org.apache.catalina.core.ApplicationFilterChain.internalDoFilter(ApplicationFilterChain.java:227) ~[tomcat-embed-core-9.0.62.jar:9.0.62]
	at org.apache.catalina.core.ApplicationFilterChain.doFilter(ApplicationFilterChain.java:162) ~[tomcat-embed-core-9.0.62.jar:9.0.62]
	at org.apache.tomcat.websocket.server.WsFilter.doFilter(WsFilter.java:53) ~[tomcat-embed-websocket-9.0.62.jar:9.0.62]
	at org.apache.catalina.core.ApplicationFilterChain.internalDoFilter(ApplicationFilterChain.java:189) ~[tomcat-embed-core-9.0.62.jar:9.0.62]
	at org.apache.catalina.core.ApplicationFilterChain.doFilter(ApplicationFilterChain.java:162) ~[tomcat-embed-core-9.0.62.jar:9.0.62]
	at org.springframework.web.filter.OncePerRequestFilter.doFilter(OncePerRequestFilter.java:111) ~[spring-web-5.3.19.jar:5.3.19]
	at org.apache.catalina.core.ApplicationFilterChain.internalDoFilter(ApplicationFilterChain.java:189) ~[tomcat-embed-core-9.0.62.jar:9.0.62]
	at org.apache.catalina.core.ApplicationFilterChain.doFilter(ApplicationFilterChain.java:162) ~[tomcat-embed-core-9.0.62.jar:9.0.62]
	at org.springframework.security.web.FilterChainProxy$VirtualFilterChain.doFilter(FilterChainProxy.java:327) ~[spring-security-web-5.6.3.jar:5.6.3]
	at org.springframework.security.web.access.intercept.FilterSecurityInterceptor.invoke(FilterSecurityInterceptor.java:115) ~[spring-security-web-5.6.3.jar:5.6.3]
	at org.springframework.security.web.access.intercept.FilterSecurityInterceptor.doFilter(FilterSecurityInterceptor.java:81) ~[spring-security-web-5.6.3.jar:5.6.3]
	at org.springframework.security.web.FilterChainProxy$VirtualFilterChain.doFilter(FilterChainProxy.java:336) ~[spring-security-web-5.6.3.jar:5.6.3]
	at org.springframework.security.web.access.ExceptionTranslationFilter.doFilter(ExceptionTranslationFilter.java:122) ~[spring-security-web-5.6.3.jar:5.6.3]
	at org.springframework.security.web.access.ExceptionTranslationFilter.doFilter(ExceptionTranslationFilter.java:116) ~[spring-security-web-5.6.3.jar:5.6.3]
	at org.springframework.security.web.FilterChainProxy$VirtualFilterChain.doFilter(FilterChainProxy.java:336) ~[spring-security-web-5.6.3.jar:5.6.3]
	at org.springframework.security.web.session.SessionManagementFilter.doFilter(SessionManagementFilter.java:126) ~[spring-security-web-5.6.3.jar:5.6.3]
	at org.springframework.security.web.session.SessionManagementFilter.doFilter(SessionManagementFilter.java:81) ~[spring-security-web-5.6.3.jar:5.6.3]
	at org.springframework.security.web.FilterChainProxy$VirtualFilterChain.doFilter(FilterChainProxy.java:336) ~[spring-security-web-5.6.3.jar:5.6.3]
	at org.springframework.security.web.authentication.AnonymousAuthenticationFilter.doFilter(AnonymousAuthenticationFilter.java:109) ~[spring-security-web-5.6.3.jar:5.6.3]
	at org.springframework.security.web.FilterChainProxy$VirtualFilterChain.doFilter(FilterChainProxy.java:336) ~[spring-security-web-5.6.3.jar:5.6.3]
	at org.springframework.security.web.servletapi.SecurityContextHolderAwareRequestFilter.doFilter(SecurityContextHolderAwareRequestFilter.java:149) ~[spring-security-web-5.6.3.jar:5.6.3]
	at org.springframework.security.web.FilterChainProxy$VirtualFilterChain.doFilter(FilterChainProxy.java:336) ~[spring-security-web-5.6.3.jar:5.6.3]
	at org.springframework.security.web.savedrequest.RequestCacheAwareFilter.doFilter(RequestCacheAwareFilter.java:63) ~[spring-security-web-5.6.3.jar:5.6.3]
	at org.springframework.security.web.FilterChainProxy$VirtualFilterChain.doFilter(FilterChainProxy.java:336) ~[spring-security-web-5.6.3.jar:5.6.3]
	at com.apex.apexjwt.configuration.JwtRequestFilter.doFilterInternal(JwtRequestFilter.java:66) ~[classes/:?]
	at org.springframework.web.filter.OncePerRequestFilter.doFilter(OncePerRequestFilter.java:117) ~[spring-web-5.3.19.jar:5.3.19]
	at org.springframework.security.web.FilterChainProxy$VirtualFilterChain.doFilter(FilterChainProxy.java:336) ~[spring-security-web-5.6.3.jar:5.6.3]
	at org.springframework.security.web.authentication.logout.LogoutFilter.doFilter(LogoutFilter.java:103) ~[spring-security-web-5.6.3.jar:5.6.3]
	at org.springframework.security.web.authentication.logout.LogoutFilter.doFilter(LogoutFilter.java:89) ~[spring-security-web-5.6.3.jar:5.6.3]
	at org.springframework.security.web.FilterChainProxy$VirtualFilterChain.doFilter(FilterChainProxy.java:336) ~[spring-security-web-5.6.3.jar:5.6.3]
	at org.springframework.web.filter.CorsFilter.doFilterInternal(CorsFilter.java:91) ~[spring-web-5.3.19.jar:5.3.19]
	at org.springframework.web.filter.OncePerRequestFilter.doFilter(OncePerRequestFilter.java:117) ~[spring-web-5.3.19.jar:5.3.19]
	at org.springframework.security.web.FilterChainProxy$VirtualFilterChain.doFilter(FilterChainProxy.java:336) ~[spring-security-web-5.6.3.jar:5.6.3]
	at org.springframework.security.web.header.HeaderWriterFilter.doHeadersAfter(HeaderWriterFilter.java:90) ~[spring-security-web-5.6.3.jar:5.6.3]
	at org.springframework.security.web.header.HeaderWriterFilter.doFilterInternal(HeaderWriterFilter.java:75) ~[spring-security-web-5.6.3.jar:5.6.3]
	at org.springframework.web.filter.OncePerRequestFilter.doFilter(OncePerRequestFilter.java:117) ~[spring-web-5.3.19.jar:5.3.19]
	at org.springframework.security.web.FilterChainProxy$VirtualFilterChain.doFilter(FilterChainProxy.java:336) ~[spring-security-web-5.6.3.jar:5.6.3]
	at org.springframework.security.web.context.SecurityContextPersistenceFilter.doFilter(SecurityContextPersistenceFilter.java:110) ~[spring-security-web-5.6.3.jar:5.6.3]
	at org.springframework.security.web.context.SecurityContextPersistenceFilter.doFilter(SecurityContextPersistenceFilter.java:80) ~[spring-security-web-5.6.3.jar:5.6.3]
	at org.springframework.security.web.FilterChainProxy$VirtualFilterChain.doFilter(FilterChainProxy.java:336) ~[spring-security-web-5.6.3.jar:5.6.3]
	at org.springframework.security.web.context.request.async.WebAsyncManagerIntegrationFilter.doFilterInternal(WebAsyncManagerIntegrationFilter.java:55) ~[spring-security-web-5.6.3.jar:5.6.3]
	at org.springframework.web.filter.OncePerRequestFilter.doFilter(OncePerRequestFilter.java:117) ~[spring-web-5.3.19.jar:5.3.19]
	at org.springframework.security.web.FilterChainProxy$VirtualFilterChain.doFilter(FilterChainProxy.java:336) ~[spring-security-web-5.6.3.jar:5.6.3]
	at org.springframework.security.web.FilterChainProxy.doFilterInternal(FilterChainProxy.java:211) ~[spring-security-web-5.6.3.jar:5.6.3]
	at org.springframework.security.web.FilterChainProxy.doFilter(FilterChainProxy.java:183) ~[spring-security-web-5.6.3.jar:5.6.3]
	at org.springframework.web.filter.DelegatingFilterProxy.invokeDelegate(DelegatingFilterProxy.java:354) ~[spring-web-5.3.19.jar:5.3.19]
	at org.springframework.web.filter.DelegatingFilterProxy.doFilter(DelegatingFilterProxy.java:267) ~[spring-web-5.3.19.jar:5.3.19]
	at org.apache.catalina.core.ApplicationFilterChain.internalDoFilter(ApplicationFilterChain.java:189) ~[tomcat-embed-core-9.0.62.jar:9.0.62]
	at org.apache.catalina.core.ApplicationFilterChain.doFilter(ApplicationFilterChain.java:162) ~[tomcat-embed-core-9.0.62.jar:9.0.62]
	at org.springframework.web.filter.RequestContextFilter.doFilterInternal(RequestContextFilter.java:100) ~[spring-web-5.3.19.jar:5.3.19]
	at org.springframework.web.filter.OncePerRequestFilter.doFilter(OncePerRequestFilter.java:117) ~[spring-web-5.3.19.jar:5.3.19]
	at org.apache.catalina.core.ApplicationFilterChain.internalDoFilter(ApplicationFilterChain.java:189) ~[tomcat-embed-core-9.0.62.jar:9.0.62]
	at org.apache.catalina.core.ApplicationFilterChain.doFilter(ApplicationFilterChain.java:162) ~[tomcat-embed-core-9.0.62.jar:9.0.62]
	at org.springframework.web.filter.FormContentFilter.doFilterInternal(FormContentFilter.java:93) ~[spring-web-5.3.19.jar:5.3.19]
	at org.springframework.web.filter.OncePerRequestFilter.doFilter(OncePerRequestFilter.java:117) ~[spring-web-5.3.19.jar:5.3.19]
	at org.apache.catalina.core.ApplicationFilterChain.internalDoFilter(ApplicationFilterChain.java:189) ~[tomcat-embed-core-9.0.62.jar:9.0.62]
	at org.apache.catalina.core.ApplicationFilterChain.doFilter(ApplicationFilterChain.java:162) ~[tomcat-embed-core-9.0.62.jar:9.0.62]
	at org.springframework.boot.actuate.metrics.web.servlet.WebMvcMetricsFilter.doFilterInternal(WebMvcMetricsFilter.java:96) ~[spring-boot-actuator-2.6.7.jar:2.6.7]
	at org.springframework.web.filter.OncePerRequestFilter.doFilter(OncePerRequestFilter.java:117) ~[spring-web-5.3.19.jar:5.3.19]
	at org.apache.catalina.core.ApplicationFilterChain.internalDoFilter(ApplicationFilterChain.java:189) ~[tomcat-embed-core-9.0.62.jar:9.0.62]
	at org.apache.catalina.core.ApplicationFilterChain.doFilter(ApplicationFilterChain.java:162) ~[tomcat-embed-core-9.0.62.jar:9.0.62]
	at org.springframework.web.filter.CharacterEncodingFilter.doFilterInternal(CharacterEncodingFilter.java:201) ~[spring-web-5.3.19.jar:5.3.19]
	at org.springframework.web.filter.OncePerRequestFilter.doFilter(OncePerRequestFilter.java:117) ~[spring-web-5.3.19.jar:5.3.19]
	at org.apache.catalina.core.ApplicationFilterChain.internalDoFilter(ApplicationFilterChain.java:189) ~[tomcat-embed-core-9.0.62.jar:9.0.62]
	at org.apache.catalina.core.ApplicationFilterChain.doFilter(ApplicationFilterChain.java:162) ~[tomcat-embed-core-9.0.62.jar:9.0.62]
	at org.apache.catalina.core.StandardWrapperValve.invoke(StandardWrapperValve.java:197) ~[tomcat-embed-core-9.0.62.jar:9.0.62]
	at org.apache.catalina.core.StandardContextValve.invoke(StandardContextValve.java:97) ~[tomcat-embed-core-9.0.62.jar:9.0.62]
	at org.apache.catalina.authenticator.AuthenticatorBase.invoke(AuthenticatorBase.java:541) ~[tomcat-embed-core-9.0.62.jar:9.0.62]
	at org.apache.catalina.core.StandardHostValve.invoke(StandardHostValve.java:135) ~[tomcat-embed-core-9.0.62.jar:9.0.62]
	at org.apache.catalina.valves.ErrorReportValve.invoke(ErrorReportValve.java:92) ~[tomcat-embed-core-9.0.62.jar:9.0.62]
	at org.apache.catalina.core.StandardEngineValve.invoke(StandardEngineValve.java:78) ~[tomcat-embed-core-9.0.62.jar:9.0.62]
	at org.apache.catalina.connector.CoyoteAdapter.service(CoyoteAdapter.java:360) ~[tomcat-embed-core-9.0.62.jar:9.0.62]
	at org.apache.coyote.http11.Http11Processor.service(Http11Processor.java:399) ~[tomcat-embed-core-9.0.62.jar:9.0.62]
	at org.apache.coyote.AbstractProcessorLight.process(AbstractProcessorLight.java:65) ~[tomcat-embed-core-9.0.62.jar:9.0.62]
	at org.apache.coyote.AbstractProtocol$ConnectionHandler.process(AbstractProtocol.java:890) ~[tomcat-embed-core-9.0.62.jar:9.0.62]
	at org.apache.tomcat.util.net.NioEndpoint$SocketProcessor.doRun(NioEndpoint.java:1743) ~[tomcat-embed-core-9.0.62.jar:9.0.62]
	at org.apache.tomcat.util.net.SocketProcessorBase.run(SocketProcessorBase.java:49) ~[tomcat-embed-core-9.0.62.jar:9.0.62]
	at org.apache.tomcat.util.threads.ThreadPoolExecutor.runWorker(ThreadPoolExecutor.java:1191) ~[tomcat-embed-core-9.0.62.jar:9.0.62]
	at org.apache.tomcat.util.threads.ThreadPoolExecutor$Worker.run(ThreadPoolExecutor.java:659) ~[tomcat-embed-core-9.0.62.jar:9.0.62]
	at org.apache.tomcat.util.threads.TaskThread$WrappingRunnable.run(TaskThread.java:61) ~[tomcat-embed-core-9.0.62.jar:9.0.62]
	at java.lang.Thread.run(Thread.java:748) ~[?:1.8.0_291]
2022-09-04 19:16:42.871 INFO [SpringApplicationShutdownHook] [org.springframework.orm.jpa.AbstractEntityManagerFactoryBean.destroy(AbstractEntityManagerFactoryBean.java:651)] - Closing JPA EntityManagerFactory for persistence unit 'default'
2022-09-04 19:16:42.905 INFO [SpringApplicationShutdownHook] [com.zaxxer.hikari.HikariDataSource.close(HikariDataSource.java:350)] - HikariPool-1 - Shutdown initiated...
2022-09-04 19:16:42.938 INFO [SpringApplicationShutdownHook] [com.zaxxer.hikari.HikariDataSource.close(HikariDataSource.java:352)] - HikariPool-1 - Shutdown completed.
2022-09-04 19:16:49.578 INFO [main] [org.springframework.boot.StartupInfoLogger.logStarting(StartupInfoLogger.java:55)] - Starting ApexJwtApplication using Java 1.8.0_291 on Reazuls-MacBook-Air.local with PID 3587 (/Users/reazulhaque/Documents/GitHub/ApexProject/apexJWT/target/classes started by reazulhaque in /Users/reazulhaque/Documents/GitHub/ApexProject/apexJWT)
2022-09-04 19:16:49.604 INFO [main] [org.springframework.boot.SpringApplication.logStartupProfileInfo(SpringApplication.java:640)] - No active profile set, falling back to 1 default profile: "default"
2022-09-04 19:16:51.474 INFO [main] [org.springframework.data.repository.config.RepositoryConfigurationDelegate.registerRepositoriesIn(RepositoryConfigurationDelegate.java:132)] - Bootstrapping Spring Data JPA repositories in DEFAULT mode.
2022-09-04 19:16:51.822 INFO [main] [org.springframework.data.repository.config.RepositoryConfigurationDelegate.registerRepositoriesIn(RepositoryConfigurationDelegate.java:201)] - Finished Spring Data repository scanning in 337 ms. Found 46 JPA repository interfaces.
2022-09-04 19:16:53.445 INFO [main] [org.springframework.boot.web.embedded.tomcat.TomcatWebServer.initialize(TomcatWebServer.java:108)] - Tomcat initialized with port(s): 8082 (http)
2022-09-04 19:16:53.464 INFO [main] [org.apache.juli.logging.DirectJDKLog.log(DirectJDKLog.java:173)] - Initializing ProtocolHandler ["http-nio-8082"]
2022-09-04 19:16:53.465 INFO [main] [org.apache.juli.logging.DirectJDKLog.log(DirectJDKLog.java:173)] - Starting service [Tomcat]
2022-09-04 19:16:53.465 INFO [main] [org.apache.juli.logging.DirectJDKLog.log(DirectJDKLog.java:173)] - Starting Servlet engine: [Apache Tomcat/9.0.62]
2022-09-04 19:16:53.797 INFO [main] [org.apache.juli.logging.DirectJDKLog.log(DirectJDKLog.java:173)] - Initializing Spring embedded WebApplicationContext
2022-09-04 19:16:53.798 INFO [main] [org.springframework.boot.web.servlet.context.ServletWebServerApplicationContext.prepareWebApplicationContext(ServletWebServerApplicationContext.java:290)] - Root WebApplicationContext: initialization completed in 4095 ms
2022-09-04 19:16:54.601 INFO [main] [org.hibernate.jpa.internal.util.LogHelper.logPersistenceUnitInformation(LogHelper.java:31)] - HHH000204: Processing PersistenceUnitInfo [name: default]
2022-09-04 19:16:54.670 INFO [main] [org.hibernate.Version.logVersion(Version.java:44)] - HHH000412: Hibernate ORM core version 5.6.8.Final
2022-09-04 19:16:54.916 INFO [main] [org.hibernate.annotations.common.reflection.java.JavaReflectionManager.<clinit>(JavaReflectionManager.java:56)] - HCANN000001: Hibernate Commons Annotations {5.1.2.Final}
2022-09-04 19:16:55.036 WARN [main] [com.zaxxer.hikari.HikariConfig.validateNumerics(HikariConfig.java:1042)] - HikariPool-1 - maxLifetime is less than 30000ms, setting to default 1800000ms.
2022-09-04 19:16:55.037 WARN [main] [com.zaxxer.hikari.HikariConfig.validateNumerics(HikariConfig.java:1092)] - HikariPool-1 - idleTimeout has been set but has no effect because the pool is operating as a fixed size pool.
2022-09-04 19:16:55.037 INFO [main] [com.zaxxer.hikari.HikariDataSource.getConnection(HikariDataSource.java:110)] - HikariPool-1 - Starting...
2022-09-04 19:16:55.226 INFO [main] [com.zaxxer.hikari.HikariDataSource.getConnection(HikariDataSource.java:123)] - HikariPool-1 - Start completed.
2022-09-04 19:16:55.251 INFO [main] [org.hibernate.dialect.Dialect.<init>(Dialect.java:175)] - HHH000400: Using dialect: org.hibernate.dialect.MySQL55Dialect
2022-09-04 19:16:57.370 INFO [main] [org.hibernate.engine.transaction.jta.platform.internal.JtaPlatformInitiator.initiateService(JtaPlatformInitiator.java:52)] - HHH000490: Using JtaPlatform implementation: [org.hibernate.engine.transaction.jta.platform.internal.NoJtaPlatform]
2022-09-04 19:16:57.384 INFO [main] [org.springframework.orm.jpa.AbstractEntityManagerFactoryBean.buildNativeEntityManagerFactory(AbstractEntityManagerFactoryBean.java:437)] - Initialized JPA EntityManagerFactory for persistence unit 'default'
2022-09-04 19:16:58.542 WARN [main] [org.springframework.boot.autoconfigure.orm.jpa.JpaBaseConfiguration$JpaWebConfiguration.openEntityManagerInViewInterceptor(JpaBaseConfiguration.java:219)] - spring.jpa.open-in-view is enabled by default. Therefore, database queries may be performed during view rendering. Explicitly configure spring.jpa.open-in-view to disable this warning
2022-09-04 19:17:03.362 INFO [main] [org.springframework.boot.actuate.endpoint.web.EndpointLinksResolver.<init>(EndpointLinksResolver.java:58)] - Exposing 1 endpoint(s) beneath base path '/actuator'
2022-09-04 19:17:03.433 INFO [main] [org.springframework.security.web.DefaultSecurityFilterChain.<init>(DefaultSecurityFilterChain.java:55)] - Will secure any request with [org.springframework.security.web.context.request.async.WebAsyncManagerIntegrationFilter@190677c6, org.springframework.security.web.context.SecurityContextPersistenceFilter@f41db7f, org.springframework.security.web.header.HeaderWriterFilter@1b6daf20, org.springframework.web.filter.CorsFilter@62c019bb, org.springframework.security.web.authentication.logout.LogoutFilter@19cc697c, com.apex.apexjwt.configuration.JwtRequestFilter@3ce4b0a8, org.springframework.security.web.savedrequest.RequestCacheAwareFilter@7785430c, org.springframework.security.web.servletapi.SecurityContextHolderAwareRequestFilter@7dc16d33, org.springframework.security.web.authentication.AnonymousAuthenticationFilter@7334dcbe, org.springframework.security.web.session.SessionManagementFilter@69ca71b3, org.springframework.security.web.access.ExceptionTranslationFilter@39b50027, org.springframework.security.web.access.intercept.FilterSecurityInterceptor@3da76d3a]
2022-09-04 19:17:04.228 INFO [main] [org.apache.juli.logging.DirectJDKLog.log(DirectJDKLog.java:173)] - Starting ProtocolHandler ["http-nio-8082"]
2022-09-04 19:17:04.266 INFO [main] [org.springframework.boot.web.embedded.tomcat.TomcatWebServer.start(TomcatWebServer.java:220)] - Tomcat started on port(s): 8082 (http) with context path ''
2022-09-04 19:17:04.299 INFO [main] [org.springframework.boot.StartupInfoLogger.logStarted(StartupInfoLogger.java:61)] - Started ApexJwtApplication in 15.473 seconds (JVM running for 17.427)
2022-09-04 19:19:08.045 INFO [http-nio-8082-exec-5] [org.apache.juli.logging.DirectJDKLog.log(DirectJDKLog.java:173)] - Initializing Spring DispatcherServlet 'dispatcherServlet'
2022-09-04 19:19:08.047 INFO [http-nio-8082-exec-5] [org.springframework.web.servlet.FrameworkServlet.initServletBean(FrameworkServlet.java:525)] - Initializing Servlet 'dispatcherServlet'
2022-09-04 19:19:08.066 INFO [http-nio-8082-exec-5] [org.springframework.web.servlet.FrameworkServlet.initServletBean(FrameworkServlet.java:547)] - Completed initialization in 19 ms
2022-09-04 19:53:16.703 ERROR [http-nio-8082-exec-10] [com.apex.apexjwt.configuration.JwtRequestFilter.doFilterInternal(JwtRequestFilter.java:52)] - Date: Sun Sep 04 19:53:16 BDT 2022 JWT Filter: JWT Token Doesn't start with Bearer
2022-09-04 19:55:03.932 ERROR [http-nio-8082-exec-5] [com.apex.apexjwt.configuration.JwtRequestFilter.doFilterInternal(JwtRequestFilter.java:52)] - Date: Sun Sep 04 19:55:03 BDT 2022 JWT Filter: JWT Token Doesn't start with Bearer
2022-09-04 19:55:47.213 ERROR [http-nio-8082-exec-8] [com.apex.apexjwt.configuration.JwtRequestFilter.doFilterInternal(JwtRequestFilter.java:52)] - Date: Sun Sep 04 19:55:47 BDT 2022 JWT Filter: JWT Token Doesn't start with Bearer
2022-09-04 19:55:47.342 INFO [http-nio-8082-exec-8] [com.apex.apexjwt.controller.JwtController.createJwtToken(JwtController.java:36)] - Date: Sun Sep 04 19:55:47 BDT 2022 JWTRequest: JwtRequest(userName=admin, password=admin)
2022-09-04 19:56:20.447 ERROR [http-nio-8082-exec-7] [com.apex.apexjwt.configuration.JwtRequestFilter.doFilterInternal(JwtRequestFilter.java:52)] - Date: Sun Sep 04 19:56:20 BDT 2022 JWT Filter: JWT Token Doesn't start with Bearer
2022-09-04 19:56:41.488 INFO [SpringApplicationShutdownHook] [org.springframework.orm.jpa.AbstractEntityManagerFactoryBean.destroy(AbstractEntityManagerFactoryBean.java:651)] - Closing JPA EntityManagerFactory for persistence unit 'default'
2022-09-04 19:56:41.511 INFO [SpringApplicationShutdownHook] [com.zaxxer.hikari.HikariDataSource.close(HikariDataSource.java:350)] - HikariPool-1 - Shutdown initiated...
2022-09-04 19:56:41.529 INFO [SpringApplicationShutdownHook] [com.zaxxer.hikari.HikariDataSource.close(HikariDataSource.java:352)] - HikariPool-1 - Shutdown completed.
2022-09-04 19:56:47.576 INFO [main] [org.springframework.boot.StartupInfoLogger.logStarting(StartupInfoLogger.java:55)] - Starting ApexJwtApplication using Java 1.8.0_291 on Reazuls-MacBook-Air.local with PID 5812 (/Users/reazulhaque/Documents/GitHub/ApexProject/apexJWT/target/classes started by reazulhaque in /Users/reazulhaque/Documents/GitHub/ApexProject/apexJWT)
2022-09-04 19:56:47.608 INFO [main] [org.springframework.boot.SpringApplication.logStartupProfileInfo(SpringApplication.java:640)] - No active profile set, falling back to 1 default profile: "default"
2022-09-04 19:56:49.635 INFO [main] [org.springframework.data.repository.config.RepositoryConfigurationDelegate.registerRepositoriesIn(RepositoryConfigurationDelegate.java:132)] - Bootstrapping Spring Data JPA repositories in DEFAULT mode.
2022-09-04 19:56:50.135 INFO [main] [org.springframework.data.repository.config.RepositoryConfigurationDelegate.registerRepositoriesIn(RepositoryConfigurationDelegate.java:201)] - Finished Spring Data repository scanning in 488 ms. Found 46 JPA repository interfaces.
2022-09-04 19:56:51.615 INFO [main] [org.springframework.boot.web.embedded.tomcat.TomcatWebServer.initialize(TomcatWebServer.java:108)] - Tomcat initialized with port(s): 8082 (http)
2022-09-04 19:56:51.632 INFO [main] [org.apache.juli.logging.DirectJDKLog.log(DirectJDKLog.java:173)] - Initializing ProtocolHandler ["http-nio-8082"]
2022-09-04 19:56:51.633 INFO [main] [org.apache.juli.logging.DirectJDKLog.log(DirectJDKLog.java:173)] - Starting service [Tomcat]
2022-09-04 19:56:51.633 INFO [main] [org.apache.juli.logging.DirectJDKLog.log(DirectJDKLog.java:173)] - Starting Servlet engine: [Apache Tomcat/9.0.62]
2022-09-04 19:56:51.935 INFO [main] [org.apache.juli.logging.DirectJDKLog.log(DirectJDKLog.java:173)] - Initializing Spring embedded WebApplicationContext
2022-09-04 19:56:51.935 INFO [main] [org.springframework.boot.web.servlet.context.ServletWebServerApplicationContext.prepareWebApplicationContext(ServletWebServerApplicationContext.java:290)] - Root WebApplicationContext: initialization completed in 4193 ms
2022-09-04 19:56:52.763 INFO [main] [org.hibernate.jpa.internal.util.LogHelper.logPersistenceUnitInformation(LogHelper.java:31)] - HHH000204: Processing PersistenceUnitInfo [name: default]
2022-09-04 19:56:52.839 INFO [main] [org.hibernate.Version.logVersion(Version.java:44)] - HHH000412: Hibernate ORM core version 5.6.8.Final
2022-09-04 19:56:53.057 INFO [main] [org.hibernate.annotations.common.reflection.java.JavaReflectionManager.<clinit>(JavaReflectionManager.java:56)] - HCANN000001: Hibernate Commons Annotations {5.1.2.Final}
2022-09-04 19:56:53.193 WARN [main] [com.zaxxer.hikari.HikariConfig.validateNumerics(HikariConfig.java:1042)] - HikariPool-1 - maxLifetime is less than 30000ms, setting to default 1800000ms.
2022-09-04 19:56:53.194 WARN [main] [com.zaxxer.hikari.HikariConfig.validateNumerics(HikariConfig.java:1092)] - HikariPool-1 - idleTimeout has been set but has no effect because the pool is operating as a fixed size pool.
2022-09-04 19:56:53.194 INFO [main] [com.zaxxer.hikari.HikariDataSource.getConnection(HikariDataSource.java:110)] - HikariPool-1 - Starting...
2022-09-04 19:56:53.426 INFO [main] [com.zaxxer.hikari.HikariDataSource.getConnection(HikariDataSource.java:123)] - HikariPool-1 - Start completed.
2022-09-04 19:56:53.464 INFO [main] [org.hibernate.dialect.Dialect.<init>(Dialect.java:175)] - HHH000400: Using dialect: org.hibernate.dialect.MySQL55Dialect
2022-09-04 19:56:55.784 INFO [main] [org.hibernate.engine.transaction.jta.platform.internal.JtaPlatformInitiator.initiateService(JtaPlatformInitiator.java:52)] - HHH000490: Using JtaPlatform implementation: [org.hibernate.engine.transaction.jta.platform.internal.NoJtaPlatform]
2022-09-04 19:56:55.814 INFO [main] [org.springframework.orm.jpa.AbstractEntityManagerFactoryBean.buildNativeEntityManagerFactory(AbstractEntityManagerFactoryBean.java:437)] - Initialized JPA EntityManagerFactory for persistence unit 'default'
2022-09-04 19:56:56.861 WARN [main] [org.springframework.boot.autoconfigure.orm.jpa.JpaBaseConfiguration$JpaWebConfiguration.openEntityManagerInViewInterceptor(JpaBaseConfiguration.java:219)] - spring.jpa.open-in-view is enabled by default. Therefore, database queries may be performed during view rendering. Explicitly configure spring.jpa.open-in-view to disable this warning
2022-09-04 19:57:01.720 INFO [main] [org.springframework.boot.actuate.endpoint.web.EndpointLinksResolver.<init>(EndpointLinksResolver.java:58)] - Exposing 1 endpoint(s) beneath base path '/actuator'
2022-09-04 19:57:01.771 INFO [main] [org.springframework.security.web.DefaultSecurityFilterChain.<init>(DefaultSecurityFilterChain.java:55)] - Will secure any request with [org.springframework.security.web.context.request.async.WebAsyncManagerIntegrationFilter@4c683777, org.springframework.security.web.context.SecurityContextPersistenceFilter@ab5d5c8, org.springframework.security.web.header.HeaderWriterFilter@2197990b, org.springframework.web.filter.CorsFilter@1fa35f7e, org.springframework.security.web.authentication.logout.LogoutFilter@47166740, com.apex.apexjwt.configuration.JwtRequestFilter@3181fbe7, org.springframework.security.web.savedrequest.RequestCacheAwareFilter@78854721, org.springframework.security.web.servletapi.SecurityContextHolderAwareRequestFilter@17287458, org.springframework.security.web.authentication.AnonymousAuthenticationFilter@7df0bb1, org.springframework.security.web.session.SessionManagementFilter@31d11998, org.springframework.security.web.access.ExceptionTranslationFilter@748015f8, org.springframework.security.web.access.intercept.FilterSecurityInterceptor@1ccfa4b8]
2022-09-04 19:57:03.015 INFO [main] [org.apache.juli.logging.DirectJDKLog.log(DirectJDKLog.java:173)] - Starting ProtocolHandler ["http-nio-8082"]
2022-09-04 19:57:03.068 INFO [main] [org.springframework.boot.web.embedded.tomcat.TomcatWebServer.start(TomcatWebServer.java:220)] - Tomcat started on port(s): 8082 (http) with context path ''
2022-09-04 19:57:03.096 INFO [main] [org.springframework.boot.StartupInfoLogger.logStarted(StartupInfoLogger.java:61)] - Started ApexJwtApplication in 16.293 seconds (JVM running for 17.738)
2022-09-04 19:57:05.441 INFO [http-nio-8082-exec-2] [org.apache.juli.logging.DirectJDKLog.log(DirectJDKLog.java:173)] - Initializing Spring DispatcherServlet 'dispatcherServlet'
2022-09-04 19:57:05.442 INFO [http-nio-8082-exec-2] [org.springframework.web.servlet.FrameworkServlet.initServletBean(FrameworkServlet.java:525)] - Initializing Servlet 'dispatcherServlet'
2022-09-04 19:57:05.445 INFO [http-nio-8082-exec-2] [org.springframework.web.servlet.FrameworkServlet.initServletBean(FrameworkServlet.java:547)] - Completed initialization in 3 ms
2022-09-04 19:57:05.503 ERROR [http-nio-8082-exec-2] [com.apex.apexjwt.configuration.JwtRequestFilter.doFilterInternal(JwtRequestFilter.java:52)] - Date: Sun Sep 04 19:57:05 BDT 2022 JWT Filter: JWT Token Doesn't start with Bearer
2022-09-04 19:57:36.968 ERROR [http-nio-8082-exec-1] [com.apex.apexjwt.configuration.JwtRequestFilter.doFilterInternal(JwtRequestFilter.java:52)] - Date: Sun Sep 04 19:57:36 BDT 2022 JWT Filter: JWT Token Doesn't start with Bearer
2022-09-04 19:57:47.354 INFO [SpringApplicationShutdownHook] [org.springframework.orm.jpa.AbstractEntityManagerFactoryBean.destroy(AbstractEntityManagerFactoryBean.java:651)] - Closing JPA EntityManagerFactory for persistence unit 'default'
2022-09-04 19:57:47.366 INFO [SpringApplicationShutdownHook] [com.zaxxer.hikari.HikariDataSource.close(HikariDataSource.java:350)] - HikariPool-1 - Shutdown initiated...
2022-09-04 19:57:47.384 INFO [SpringApplicationShutdownHook] [com.zaxxer.hikari.HikariDataSource.close(HikariDataSource.java:352)] - HikariPool-1 - Shutdown completed.
