2022-08-17 18:07:21.206 INFO [main] [org.springframework.boot.StartupInfoLogger.logStarting(StartupInfoLogger.java:55)] - Starting ApexJwtApplication using Java 1.8.0_291 on Reazuls-MacBook-Air.local with PID 2033 (/Users/reazulhaque/Documents/GitHub/ApexProject/apexJWT/target/classes started by reazulhaque in /Users/reazulhaque/Documents/GitHub/ApexProject/apexJWT)
2022-08-17 18:07:21.230 INFO [main] [org.springframework.boot.SpringApplication.logStartupProfileInfo(SpringApplication.java:640)] - No active profile set, falling back to 1 default profile: "default"
2022-08-17 18:07:25.085 INFO [main] [org.springframework.data.repository.config.RepositoryConfigurationDelegate.registerRepositoriesIn(RepositoryConfigurationDelegate.java:132)] - Bootstrapping Spring Data JPA repositories in DEFAULT mode.
2022-08-17 18:07:25.924 INFO [main] [org.springframework.data.repository.config.RepositoryConfigurationDelegate.registerRepositoriesIn(RepositoryConfigurationDelegate.java:201)] - Finished Spring Data repository scanning in 787 ms. Found 35 JPA repository interfaces.
2022-08-17 18:07:29.279 INFO [main] [org.springframework.boot.web.embedded.tomcat.TomcatWebServer.initialize(TomcatWebServer.java:108)] - Tomcat initialized with port(s): 8082 (http)
2022-08-17 18:07:29.311 INFO [main] [org.apache.juli.logging.DirectJDKLog.log(DirectJDKLog.java:173)] - Initializing ProtocolHandler ["http-nio-8082"]
2022-08-17 18:07:29.313 INFO [main] [org.apache.juli.logging.DirectJDKLog.log(DirectJDKLog.java:173)] - Starting service [Tomcat]
2022-08-17 18:07:29.315 INFO [main] [org.apache.juli.logging.DirectJDKLog.log(DirectJDKLog.java:173)] - Starting Servlet engine: [Apache Tomcat/9.0.62]
2022-08-17 18:07:29.949 INFO [main] [org.apache.juli.logging.DirectJDKLog.log(DirectJDKLog.java:173)] - Initializing Spring embedded WebApplicationContext
2022-08-17 18:07:29.951 INFO [main] [org.springframework.boot.web.servlet.context.ServletWebServerApplicationContext.prepareWebApplicationContext(ServletWebServerApplicationContext.java:290)] - Root WebApplicationContext: initialization completed in 8614 ms
2022-08-17 18:07:31.419 INFO [main] [org.hibernate.jpa.internal.util.LogHelper.logPersistenceUnitInformation(LogHelper.java:31)] - HHH000204: Processing PersistenceUnitInfo [name: default]
2022-08-17 18:07:31.544 INFO [main] [org.hibernate.Version.logVersion(Version.java:44)] - HHH000412: Hibernate ORM core version 5.6.8.Final
2022-08-17 18:07:31.795 INFO [main] [org.hibernate.annotations.common.reflection.java.JavaReflectionManager.<clinit>(JavaReflectionManager.java:56)] - HCANN000001: Hibernate Commons Annotations {5.1.2.Final}
2022-08-17 18:07:31.903 WARN [main] [com.zaxxer.hikari.HikariConfig.validateNumerics(HikariConfig.java:1042)] - HikariPool-1 - maxLifetime is less than 30000ms, setting to default 1800000ms.
2022-08-17 18:07:31.903 WARN [main] [com.zaxxer.hikari.HikariConfig.validateNumerics(HikariConfig.java:1092)] - HikariPool-1 - idleTimeout has been set but has no effect because the pool is operating as a fixed size pool.
2022-08-17 18:07:31.903 INFO [main] [com.zaxxer.hikari.HikariDataSource.getConnection(HikariDataSource.java:110)] - HikariPool-1 - Starting...
2022-08-17 18:07:32.109 INFO [main] [com.zaxxer.hikari.HikariDataSource.getConnection(HikariDataSource.java:123)] - HikariPool-1 - Start completed.
2022-08-17 18:07:32.147 INFO [main] [org.hibernate.dialect.Dialect.<init>(Dialect.java:175)] - HHH000400: Using dialect: org.hibernate.dialect.MySQL55Dialect
2022-08-17 18:07:34.407 INFO [main] [org.hibernate.engine.transaction.jta.platform.internal.JtaPlatformInitiator.initiateService(JtaPlatformInitiator.java:52)] - HHH000490: Using JtaPlatform implementation: [org.hibernate.engine.transaction.jta.platform.internal.NoJtaPlatform]
2022-08-17 18:07:34.428 INFO [main] [org.springframework.orm.jpa.AbstractEntityManagerFactoryBean.buildNativeEntityManagerFactory(AbstractEntityManagerFactoryBean.java:437)] - Initialized JPA EntityManagerFactory for persistence unit 'default'
2022-08-17 18:07:35.926 WARN [main] [org.springframework.boot.autoconfigure.orm.jpa.JpaBaseConfiguration$JpaWebConfiguration.openEntityManagerInViewInterceptor(JpaBaseConfiguration.java:219)] - spring.jpa.open-in-view is enabled by default. Therefore, database queries may be performed during view rendering. Explicitly configure spring.jpa.open-in-view to disable this warning
2022-08-17 18:07:41.937 INFO [main] [org.springframework.boot.actuate.endpoint.web.EndpointLinksResolver.<init>(EndpointLinksResolver.java:58)] - Exposing 1 endpoint(s) beneath base path '/actuator'
2022-08-17 18:07:42.070 INFO [main] [org.springframework.security.web.DefaultSecurityFilterChain.<init>(DefaultSecurityFilterChain.java:55)] - Will secure any request with [org.springframework.security.web.context.request.async.WebAsyncManagerIntegrationFilter@377b773c, org.springframework.security.web.context.SecurityContextPersistenceFilter@5016934, org.springframework.security.web.header.HeaderWriterFilter@6f13ed1, org.springframework.web.filter.CorsFilter@18213a65, org.springframework.security.web.authentication.logout.LogoutFilter@34a48013, com.apex.apexjwt.configuration.JwtRequestFilter@608b74f3, org.springframework.security.web.savedrequest.RequestCacheAwareFilter@470c2a7a, org.springframework.security.web.servletapi.SecurityContextHolderAwareRequestFilter@7b3d3d3d, org.springframework.security.web.authentication.AnonymousAuthenticationFilter@650929dc, org.springframework.security.web.session.SessionManagementFilter@50e336d9, org.springframework.security.web.access.ExceptionTranslationFilter@4945cd1f, org.springframework.security.web.access.intercept.FilterSecurityInterceptor@4e7bf371]
2022-08-17 18:07:42.954 INFO [main] [org.apache.juli.logging.DirectJDKLog.log(DirectJDKLog.java:173)] - Starting ProtocolHandler ["http-nio-8082"]
2022-08-17 18:07:42.994 INFO [main] [org.springframework.boot.web.embedded.tomcat.TomcatWebServer.start(TomcatWebServer.java:220)] - Tomcat started on port(s): 8082 (http) with context path ''
2022-08-17 18:07:43.037 INFO [main] [org.springframework.boot.StartupInfoLogger.logStarted(StartupInfoLogger.java:61)] - Started ApexJwtApplication in 23.167 seconds (JVM running for 25.861)
2022-08-17 18:35:47.568 INFO [SpringApplicationShutdownHook] [org.springframework.orm.jpa.AbstractEntityManagerFactoryBean.destroy(AbstractEntityManagerFactoryBean.java:651)] - Closing JPA EntityManagerFactory for persistence unit 'default'
2022-08-17 18:35:47.587 INFO [SpringApplicationShutdownHook] [com.zaxxer.hikari.HikariDataSource.close(HikariDataSource.java:350)] - HikariPool-1 - Shutdown initiated...
2022-08-17 18:35:47.616 INFO [SpringApplicationShutdownHook] [com.zaxxer.hikari.HikariDataSource.close(HikariDataSource.java:352)] - HikariPool-1 - Shutdown completed.
2022-08-17 21:40:30.350 INFO [main] [org.springframework.boot.StartupInfoLogger.logStarting(StartupInfoLogger.java:55)] - Starting ApexJwtApplication using Java 1.8.0_291 on Reazuls-MacBook-Air.local with PID 1545 (/Users/reazulhaque/Documents/GitHub/ApexProject/apexJWT/target/classes started by reazulhaque in /Users/reazulhaque/Documents/GitHub/ApexProject/apexJWT)
2022-08-17 21:40:30.360 INFO [main] [org.springframework.boot.SpringApplication.logStartupProfileInfo(SpringApplication.java:640)] - No active profile set, falling back to 1 default profile: "default"
2022-08-17 21:40:32.466 INFO [main] [org.springframework.data.repository.config.RepositoryConfigurationDelegate.registerRepositoriesIn(RepositoryConfigurationDelegate.java:132)] - Bootstrapping Spring Data JPA repositories in DEFAULT mode.
2022-08-17 21:40:32.776 INFO [main] [org.springframework.data.repository.config.RepositoryConfigurationDelegate.registerRepositoriesIn(RepositoryConfigurationDelegate.java:201)] - Finished Spring Data repository scanning in 293 ms. Found 35 JPA repository interfaces.
2022-08-17 21:40:35.210 INFO [main] [org.springframework.boot.web.embedded.tomcat.TomcatWebServer.initialize(TomcatWebServer.java:108)] - Tomcat initialized with port(s): 8082 (http)
2022-08-17 21:40:35.245 INFO [main] [org.apache.juli.logging.DirectJDKLog.log(DirectJDKLog.java:173)] - Initializing ProtocolHandler ["http-nio-8082"]
2022-08-17 21:40:35.248 INFO [main] [org.apache.juli.logging.DirectJDKLog.log(DirectJDKLog.java:173)] - Starting service [Tomcat]
2022-08-17 21:40:35.249 INFO [main] [org.apache.juli.logging.DirectJDKLog.log(DirectJDKLog.java:173)] - Starting Servlet engine: [Apache Tomcat/9.0.62]
2022-08-17 21:40:35.861 INFO [main] [org.apache.juli.logging.DirectJDKLog.log(DirectJDKLog.java:173)] - Initializing Spring embedded WebApplicationContext
2022-08-17 21:40:35.862 INFO [main] [org.springframework.boot.web.servlet.context.ServletWebServerApplicationContext.prepareWebApplicationContext(ServletWebServerApplicationContext.java:290)] - Root WebApplicationContext: initialization completed in 5421 ms
2022-08-17 21:40:37.594 INFO [main] [org.hibernate.jpa.internal.util.LogHelper.logPersistenceUnitInformation(LogHelper.java:31)] - HHH000204: Processing PersistenceUnitInfo [name: default]
2022-08-17 21:40:37.690 INFO [main] [org.hibernate.Version.logVersion(Version.java:44)] - HHH000412: Hibernate ORM core version 5.6.8.Final
2022-08-17 21:40:37.964 INFO [main] [org.hibernate.annotations.common.reflection.java.JavaReflectionManager.<clinit>(JavaReflectionManager.java:56)] - HCANN000001: Hibernate Commons Annotations {5.1.2.Final}
2022-08-17 21:40:38.086 WARN [main] [com.zaxxer.hikari.HikariConfig.validateNumerics(HikariConfig.java:1042)] - HikariPool-1 - maxLifetime is less than 30000ms, setting to default 1800000ms.
2022-08-17 21:40:38.087 WARN [main] [com.zaxxer.hikari.HikariConfig.validateNumerics(HikariConfig.java:1092)] - HikariPool-1 - idleTimeout has been set but has no effect because the pool is operating as a fixed size pool.
2022-08-17 21:40:38.087 INFO [main] [com.zaxxer.hikari.HikariDataSource.getConnection(HikariDataSource.java:110)] - HikariPool-1 - Starting...
2022-08-17 21:40:38.279 INFO [main] [com.zaxxer.hikari.HikariDataSource.getConnection(HikariDataSource.java:123)] - HikariPool-1 - Start completed.
2022-08-17 21:40:38.303 INFO [main] [org.hibernate.dialect.Dialect.<init>(Dialect.java:175)] - HHH000400: Using dialect: org.hibernate.dialect.MySQL55Dialect
2022-08-17 21:40:39.827 INFO [main] [org.hibernate.engine.transaction.jta.platform.internal.JtaPlatformInitiator.initiateService(JtaPlatformInitiator.java:52)] - HHH000490: Using JtaPlatform implementation: [org.hibernate.engine.transaction.jta.platform.internal.NoJtaPlatform]
2022-08-17 21:40:39.840 INFO [main] [org.springframework.orm.jpa.AbstractEntityManagerFactoryBean.buildNativeEntityManagerFactory(AbstractEntityManagerFactoryBean.java:437)] - Initialized JPA EntityManagerFactory for persistence unit 'default'
2022-08-17 21:40:40.873 WARN [main] [org.springframework.boot.autoconfigure.orm.jpa.JpaBaseConfiguration$JpaWebConfiguration.openEntityManagerInViewInterceptor(JpaBaseConfiguration.java:219)] - spring.jpa.open-in-view is enabled by default. Therefore, database queries may be performed during view rendering. Explicitly configure spring.jpa.open-in-view to disable this warning
2022-08-17 21:40:44.610 INFO [main] [org.springframework.boot.actuate.endpoint.web.EndpointLinksResolver.<init>(EndpointLinksResolver.java:58)] - Exposing 1 endpoint(s) beneath base path '/actuator'
2022-08-17 21:40:44.654 INFO [main] [org.springframework.security.web.DefaultSecurityFilterChain.<init>(DefaultSecurityFilterChain.java:55)] - Will secure any request with [org.springframework.security.web.context.request.async.WebAsyncManagerIntegrationFilter@2c332922, org.springframework.security.web.context.SecurityContextPersistenceFilter@2d12a71f, org.springframework.security.web.header.HeaderWriterFilter@56554e7, org.springframework.web.filter.CorsFilter@6b8773c7, org.springframework.security.web.authentication.logout.LogoutFilter@27a717a7, com.apex.apexjwt.configuration.JwtRequestFilter@5bb24266, org.springframework.security.web.savedrequest.RequestCacheAwareFilter@6ca6cc1c, org.springframework.security.web.servletapi.SecurityContextHolderAwareRequestFilter@5f9cb96f, org.springframework.security.web.authentication.AnonymousAuthenticationFilter@74534564, org.springframework.security.web.session.SessionManagementFilter@4ae836cf, org.springframework.security.web.access.ExceptionTranslationFilter@550ce3a9, org.springframework.security.web.access.intercept.FilterSecurityInterceptor@47de4dce]
2022-08-17 21:40:45.424 INFO [main] [org.apache.juli.logging.DirectJDKLog.log(DirectJDKLog.java:173)] - Starting ProtocolHandler ["http-nio-8082"]
2022-08-17 21:40:45.445 INFO [main] [org.springframework.boot.web.embedded.tomcat.TomcatWebServer.start(TomcatWebServer.java:220)] - Tomcat started on port(s): 8082 (http) with context path ''
2022-08-17 21:40:45.469 INFO [main] [org.springframework.boot.StartupInfoLogger.logStarted(StartupInfoLogger.java:61)] - Started ApexJwtApplication in 16.077 seconds (JVM running for 18.033)
2022-08-17 21:51:28.220 WARN [HikariPool-1 housekeeper] [com.zaxxer.hikari.pool.HikariPool$HouseKeeper.run(HikariPool.java:788)] - HikariPool-1 - Thread starvation or clock leap detected (housekeeper delta=5m49s795ms).
2022-08-17 22:02:24.819 WARN [HikariPool-1 housekeeper] [com.zaxxer.hikari.pool.HikariPool$HouseKeeper.run(HikariPool.java:788)] - HikariPool-1 - Thread starvation or clock leap detected (housekeeper delta=6m49s678ms).
2022-08-17 22:38:48.213 INFO [SpringApplicationShutdownHook] [org.springframework.orm.jpa.AbstractEntityManagerFactoryBean.destroy(AbstractEntityManagerFactoryBean.java:651)] - Closing JPA EntityManagerFactory for persistence unit 'default'
2022-08-17 22:38:48.237 INFO [SpringApplicationShutdownHook] [com.zaxxer.hikari.HikariDataSource.close(HikariDataSource.java:350)] - HikariPool-1 - Shutdown initiated...
2022-08-17 22:38:48.249 INFO [SpringApplicationShutdownHook] [com.zaxxer.hikari.HikariDataSource.close(HikariDataSource.java:352)] - HikariPool-1 - Shutdown completed.
